*** NON-FATAL INTERNAL ERROR in "Ready" ***
Date: Jan 17 2016 5:31 PM

File Name: C:\Program Files (x86)\Ready to Program\Ready.exe
Version: 1.7.1  [11]
File Size: 2908199
File Date: Oct 7 2003 3:57 PM
Operating System: After Windows XP
JVM: Ready Built-in JRE (1.4.2 or later)
"assert" Statements: disabled


Previous Operations:
    Command to Java Supervisor - "-java "C:\Program Files (x86)\Ready to Program\Support\jre142_01\bin\client\jvm.dll" -cp ".;C:\Program Files (x86)\Ready to Program\Support\Ready Classes;C:\Program Files (x86)\Ready to Program\Support\Classes;C:\Program Files (x86)\Ready to Program\Support\Ready Classes\tools.jar;" -class BattleShip -props F 25 80 10 "Courier New" 2 F 0 F 8 8 0 F T -applet "D:\School\Comp Sci\Unit 6 - Battleship" "D:\School\Comp Sci\Unit 6 - Battleship" 300 200 џџ"
    JavaSup: -pipe 508 520 440 854380
    JavaSup: JVM Option: "-Djava.class.path=.;C:\Program Files (x86)\Ready to Program\Support\Ready Classes;C:\Program Files (x86)\Ready to Program\Support\Classes;C:\Program Files (x86)\Ready to Program\Support\Ready Classes\tools.jar;"
  CMD: WM_ACTIVATE (W)
  CMD: WM_ACTIVATE (W)
  CMD: WM_LBUTTONDOWN (D)
    Set Selection (1) - Text: 260a798 - L: 1050 - C: 43
    Text - sz:1193:46363 - slFr:1059:25:43113 - slTo:1059:25:43113 - nlA:0
    Line Starts: 1190:46345 1191:46355 1192:46361 1193:46363
    Set Selection (2) - sz:1193:46363 - slFr:42728 - slTo:42728 - nlA:0
    Line Starts: 1190:46345 1191:46355 1192:46361 1193:46363
    Extend Selection - Text: 260a798 - L: 1050 - C: 43 (x1)
    Text - sz:1193:46363 - slFr:1050:43:42728 - slTo:1050:43:42728 - nlA:0
    Line Starts: 1190:46345 1191:46355 1192:46361 1193:46363
  CMD: WM_LBUTTONUP (D)
    Extend Selection - Text: 260a798 - L: 1050 - C: 43 (x1)
    Text - sz:1193:46363 - slFr:42728 - slTo:42728 - nlA:0
    Line Starts: 1190:46345 1191:46355 1192:46361 1193:46363
  CMD: WM_ACTIVATE (W)
  CMD: WM_ACTIVATE (W)
  CMD: WM_LBUTTONDOWN (D)
    Set Selection (1) - Text: 260a798 - L: 1017 - C: 50
    Text - sz:1193:46363 - slFr:1050:43:42728 - slTo:1050:43:42728 - nlA:0
    Line Starts: 1190:46345 1191:46355 1192:46361 1193:46363
    Set Selection (2) - sz:1193:46363 - slFr:41494 - slTo:41494 - nlA:0
    Line Starts: 1190:46345 1191:46355 1192:46361 1193:46363
    Extend Selection - Text: 260a798 - L: 1017 - C: 50 (x1)
    Text - sz:1193:46363 - slFr:1017:0:41494 - slTo:1017:0:41494 - nlA:0
    Line Starts: 1190:46345 1191:46355 1192:46361 1193:46363
  CMD: WM_LBUTTONUP (D)
    Extend Selection - Text: 260a798 - L: 1017 - C: 50 (x1)
    Text - sz:1193:46363 - slFr:41494 - slTo:41494 - nlA:0
    Line Starts: 1190:46345 1191:46355 1192:46361 1193:46363
  CMD: WM_LBUTTONDOWN (D)
    Set Selection (1) - Text: 260a798 - L: 1031 - C: 34
    Text - sz:1193:46363 - slFr:41494 - slTo:41494 - nlA:0
    Line Starts: 1190:46345 1191:46355 1192:46361 1193:46363
    Set Selection (2) - sz:1193:46363 - slFr:42063 - slTo:42063 - nlA:0
    Line Starts: 1190:46345 1191:46355 1192:46361 1193:46363
    Extend Selection - Text: 260a798 - L: 1031 - C: 16 (x144)
    Text - sz:1193:46363 - slFr:42063 - slTo:42048 - nlA:0
    Line Starts: 1190:46345 1191:46355 1192:46361 1193:46363
  CMD: WM_LBUTTONUP (D)
    Extend Selection - Text: 260a798 - L: 1031 - C: 16 (x1)
    Text - sz:1193:46363 - slFr:42063 - slTo:42048 - nlA:0
    Line Starts: 1190:46345 1191:46355 1192:46361 1193:46363
  CMD: WM_INITMENU (W)
  CMD: COMMAND_COPY
    Cut/Copy (1) - Window: 2909bc - Cut: 0
    Cut/Copy (2) - from:1031:16:42063 - to:1031:31:42048 - lines:1 - nla: 1193
  CMD: WM_LBUTTONDOWN (D)
    Set Selection (1) - Text: 260a798 - L: 1015 - C: 39
    Text - sz:1193:46363 - slFr:1031:31:42063 - slTo:1031:16:42048 - nlA:0
    Line Starts: 1190:46345 1191:46355 1192:46361 1193:46363
    Set Selection (2) - sz:1193:46363 - slFr:41327 - slTo:41327 - nlA:0
    Line Starts: 1190:46345 1191:46355 1192:46361 1193:46363
  CMD: WM_LBUTTONUP (D)
    Extend Selection - Text: 260a798 - L: 1015 - C: 39 (x1)
    Text - sz:1193:46363 - slFr:1015:31:41327 - slTo:1015:31:41327 - nlA:0
    Line Starts: 1190:46345 1191:46355 1192:46361 1193:46363
  CMD: WM_CHAR [#13] (D)
    Keystroke - Text: 260a798 - ch: 13
    Text - sz:1193:46363 - slFr:41327 - slTo:41327 - nlA:0
    Line Starts: 1190:46345 1191:46355 1192:46361 1193:46363
    Keystroke (2) - sz:1194:46384 - slFr:41348 - slTo:41348 - nlA:0
    Line Starts: 1191:46366 1192:46376 1193:46382 1194:46384
  CMD: WM_CHAR [\] (D) (x1) [\]
    Keystroke - Text: 260a798 - ch: 92
    Text - sz:1194:46384 - slFr:1016:20:41348 - slTo:1016:20:41348 - nlA:0
    Line Starts: 1191:46366 1192:46376 1193:46382 1194:46384
    Keystroke (2) - sz:1194:46385 - slFr:41349 - slTo:41349 - nlA:0
    Line Starts: 1191:46367 1192:46377 1193:46383 1194:46385
  CMD: WM_CHAR [#8] (D)
    Keystroke - Text: 260a798 - ch: 8
    Text - sz:1194:46385 - slFr:1016:21:41349 - slTo:1016:21:41349 - nlA:0
    Line Starts: 1191:46367 1192:46377 1193:46383 1194:46385
    Keystroke (2) - sz:1194:46384 - slFr:41348 - slTo:41348 - nlA:0
    Line Starts: 1191:46366 1192:46376 1193:46382 1194:46384
  CMD: WM_INITMENU (W)
  CMD: COMMAND_PASTE
    Paste (1) - Window: 2909bc - SelLen: 0
    Insert Text (1) - Text: 260a798 - size: 15 - clean: 0
    Text - sz:1194:46384 - slFr:1016:20:41348 - slTo:1016:20:41348 - nlA:0
    Line Starts: 1191:46366 1192:46376 1193:46382 1194:46384
    Insert Text (2) - numNewLines: 0
    Insert Text (3) - sz:1194:46399 - slFr:41363 - slTo:41363 - nlA:0
    Line Starts: 1191:46381 1192:46391 1193:46397 1194:46399
  CMD: WM_LBUTTONDOWN (D)
    Set Selection (1) - Text: 260a798 - L: 1015 - C: 32
    Text - sz:1194:46399 - slFr:1016:35:41363 - slTo:1016:35:41363 - nlA:0
    Line Starts: 1191:46381 1192:46391 1193:46397 1194:46399
    Set Selection (2) - sz:1194:46399 - slFr:41327 - slTo:41327 - nlA:0
    Line Starts: 1191:46381 1192:46391 1193:46397 1194:46399
    Extend Selection - Text: 260a798 - L: 1014 - C: 20 (x61)
    Text - sz:1194:46399 - slFr:41327 - slTo:41284 - nlA:0
    Line Starts: 1191:46381 1192:46391 1193:46397 1194:46399
  CMD: WM_LBUTTONUP (D)
    Extend Selection - Text: 260a798 - L: 1014 - C: 20 (x1)
    Text - sz:1194:46399 - slFr:41327 - slTo:41284 - nlA:0
    Line Starts: 1191:46381 1192:46391 1193:46397 1194:46399
  CMD: WM_LBUTTONDOWN (D)
    Set Selection (1) - Text: 260a798 - L: 1014 - C: 20
    Text - sz:1194:46399 - slFr:41327 - slTo:41284 - nlA:0
    Line Starts: 1191:46381 1192:46391 1193:46397 1194:46399
    Set Selection (2) - sz:1194:46399 - slFr:41284 - slTo:41284 - nlA:0
    Line Starts: 1191:46381 1192:46391 1193:46397 1194:46399
  CMD: WM_LBUTTONUP (D)
    Extend Selection - Text: 260a798 - L: 1014 - C: 20 (x1)
    Text - sz:1194:46399 - slFr:1014:20:41284 - slTo:1014:20:41284 - nlA:0
    Line Starts: 1191:46381 1192:46391 1193:46397 1194:46399
  CMD: WM_SETFOCUS (W)
  CMD: COMMAND_STOP
  CMD: WM_SETFOCUS (W)
  CMD: COMMAND_RUN
    Run (1) - Window: 2909bc - Ex: 1 - Args: 0 - Step: 0
    Jikes compiling BattleShip
    Command to Java Supervisor - "-java "C:\Program Files (x86)\Ready to Program\Support\jre142_01\bin\client\jvm.dll" -cp ".;C:\Program Files (x86)\Ready to Program\Support\Ready Classes;C:\Program Files (x86)\Ready to Program\Support\Classes;C:\Program Files (x86)\Ready to Program\Support\Ready Classes\tools.jar;" -class BattleShip -props F 25 80 10 "Courier New" 2 F 0 F 8 8 0 F T -applet "D:\School\Comp Sci\Unit 6 - Battleship" "D:\School\Comp Sci\Unit 6 - Battleship" 300 200 џџ"
    JavaSup: JVM Option: "-Djava.library.path=C:\Program Files (x86)\Ready to Program\Support\Bin"
    JavaSup: JVM Option: "-enableassertions"
    JavaSup: JVM Option: "-Xdebug"
    JavaSup: JVM Option: "-Xrunjdwp:transport=dt_shmem,address=readyshmem,server=y,suspend=n"
  CMD: WM_ACTIVATE (W)
  CMD: WM_ACTIVATE (W)
  CMD: WM_LBUTTONDOWN (D)
    Set Selection (1) - Text: 260a798 - L: 1015 - C: 59
    Text - sz:1194:46399 - slFr:1014:20:41284 - slTo:1014:20:41284 - nlA:0
    Line Starts: 1191:46381 1192:46391 1193:46397 1194:46399
    Set Selection (2) - sz:1194:46399 - slFr:41327 - slTo:41327 - nlA:0
    Line Starts: 1191:46381 1192:46391 1193:46397 1194:46399
    Extend Selection - Text: 260a798 - L: 1015 - C: 59 (x1)
    Text - sz:1194:46399 - slFr:1015:31:41327 - slTo:1015:31:41327 - nlA:0
    Line Starts: 1191:46381 1192:46391 1193:46397 1194:46399
  CMD: WM_LBUTTONUP (D)
    Extend Selection - Text: 260a798 - L: 1015 - C: 59 (x1)
    Text - sz:1194:46399 - slFr:41327 - slTo:41327 - nlA:0
    Line Starts: 1191:46381 1192:46391 1193:46397 1194:46399
  CMD: WM_LBUTTONDOWN (D)
    Set Selection (1) - Text: 260a798 - L: 1016 - C: 36
    Text - sz:1194:46399 - slFr:41327 - slTo:41327 - nlA:0
    Line Starts: 1191:46381 1192:46391 1193:46397 1194:46399
    Set Selection (2) - sz:1194:46399 - slFr:41363 - slTo:41363 - nlA:0
    Line Starts: 1191:46381 1192:46391 1193:46397 1194:46399
  CMD: WM_LBUTTONUP (D)
    Extend Selection - Text: 260a798 - L: 1016 - C: 36 (x1)
    Text - sz:1194:46399 - slFr:1016:35:41363 - slTo:1016:35:41363 - nlA:0
    Line Starts: 1191:46381 1192:46391 1193:46397 1194:46399
  CMD: WM_INITMENU (W)
    Move to Mark - Window: 2909bc - Mark #: 17
  CMD: WM_ACTIVATE (W)
  CMD: WM_ACTIVATE (W)



The environment has experienced an unexpected internal error.

This error is caused by a bug in the environment and is not your fault!
Details about the crash have been saved in the file "D:\School\Comp Sci\Unit 6 - Battleship\panic.log".

If possible, please e-mail this file to readybugs@hsa.on.ca

Here are some details about the error:
   Error = Can't find mark in mark menu (17) (6022)
   File = src\eddisp.c
   Line = 7237

List of Modules: 
    C:\Program Files (x86)\Ready to Program\Ready.exe
    C:\WINDOWS\SYSTEM32\ntdll.dll
    C:\WINDOWS\SYSTEM32\KERNEL32.DLL
    C:\WINDOWS\SYSTEM32\KERNELBASE.dll
    C:\WINDOWS\SYSTEM32\USER32.dll
    C:\WINDOWS\SYSTEM32\GDI32.dll
    C:\WINDOWS\SYSTEM32\comdlg32.dll
    C:\WINDOWS\SYSTEM32\msvcrt.dll
    C:\WINDOWS\SYSTEM32\combase.dll
    C:\WINDOWS\SYSTEM32\RPCRT4.dll
    C:\WINDOWS\SYSTEM32\SspiCli.dll
    C:\WINDOWS\SYSTEM32\CRYPTBASE.dll
    C:\WINDOWS\SYSTEM32\bcryptPrimitives.dll
    C:\WINDOWS\SYSTEM32\sechost.dll
    C:\WINDOWS\SYSTEM32\shcore.dll
    C:\WINDOWS\SYSTEM32\SHLWAPI.dll
    C:\WINDOWS\SYSTEM32\SHELL32.dll
    C:\WINDOWS\SYSTEM32\cfgmgr32.dll
    C:\WINDOWS\SYSTEM32\windows.storage.dll
    C:\WINDOWS\SYSTEM32\advapi32.dll
    C:\WINDOWS\SYSTEM32\kernel.appcore.dll
    C:\WINDOWS\SYSTEM32\powrprof.dll
    C:\WINDOWS\SYSTEM32\profapi.dll
    C:\WINDOWS\SYSTEM32\FirewallAPI.dll
    C:\WINDOWS\SYSTEM32\NETAPI32.dll
    C:\WINDOWS\SYSTEM32\WINMM.dll
    C:\WINDOWS\SYSTEM32\VERSION.dll
    C:\WINDOWS\WinSxS\x86_microsoft.windows.common-controls_6595b64144ccf1df_5.82.10586.0_none_811bc0006c44242b\COMCTL32.dll
    C:\WINDOWS\SYSTEM32\DAVHLPR.DLL
    C:\WINDOWS\SYSTEM32\WINMMBASE.dll
    C:\WINDOWS\SYSTEM32\IMM32.DLL
    C:\WINDOWS\SYSTEM32\fwbase.dll
    C:\WINDOWS\system32\uxtheme.dll
    C:\WINDOWS\SYSTEM32\MSCTF.dll
    C:\Program Files (x86)\Ready to Program\Support\Bin\edjdll.dll
    C:\Program Files (x86)\Ready to Program\Support\jre142_01\bin\client\jvm.dll
    C:\WINDOWS\system32\apphelp.dll
    C:\Program Files (x86)\Ready to Program\Support\jre142_01\bin\hpi.dll
    C:\Program Files (x86)\Ready to Program\Support\jre142_01\bin\verify.dll
    C:\Program Files (x86)\Ready to Program\Support\jre142_01\bin\java.dll
    C:\Program Files (x86)\Ready to Program\Support\jre142_01\bin\zip.dll
    C:\WINDOWS\system32\dwmapi.dll
    C:\WINDOWS\WinSxS\x86_microsoft.windows.common-controls_6595b64144ccf1df_6.0.10586.0_none_d3c2e4e965da4528\comctl32.DLL
    C:\Program Files (x86)\Ready to Program\Support\jre142_01\bin\dt_shmem.dll
    C:\Program Files (x86)\Ready to Program\Support\jre142_01\bin\net.dll
    C:\WINDOWS\SYSTEM32\WS2_32.dll
    C:\WINDOWS\system32\NLAapi.dll
    C:\WINDOWS\system32\napinsp.dll
    C:\WINDOWS\system32\pnrpnsp.dll
    C:\WINDOWS\System32\mswsock.dll
    C:\WINDOWS\SYSTEM32\DNSAPI.dll
    C:\WINDOWS\SYSTEM32\NSI.dll
    C:\WINDOWS\System32\winrnr.dll
    C:\Program Files (x86)\Bonjour\mdnsNSP.dll
    C:\WINDOWS\SYSTEM32\Iphlpapi.DLL
    C:\WINDOWS\System32\fwpuclnt.dll
    C:\WINDOWS\SYSTEM32\bcrypt.dll
    C:\Windows\System32\rasadhlp.dll
    C:\Program Files (x86)\ASUS\AI Suite II\TurboV EVO\HookKey32.dll
    C:\WINDOWS\SYSTEM32\dbghelp.dll

  0 .V PC=0023:77e36b1c Ret=75cbdff2 Frame=0019b5b4 Stack=0019b544
    Parameters (0x000006fc 0x00003a98 0x00000000 0x0019de70)
    Unknown module, ZwWaitForSingleObject() + 0012 byte(s)
  1 .V PC=0023:75cbdff2 Ret=004162f5 Frame=0019b5c8 Stack=0019b5bc
    Parameters (0x000006fc 0x00003a98 0x0019e2f8 0x00000bca)
    Unknown module, WaitForSingleObject() + 0018 byte(s)
  2 .V PC=0023:004162f5 Ret=004158f4 Frame=0019de70 Stack=0019b5d0
    Parameters (0x00000000 0x00001786 0x0058f728 0x00001c45)
    src\edfail.c, MyFailErrorBox (), Line 0987+0020 byte(s)
  3 .V PC=0023:004158f4 Ret=00411f15 Frame=0019de94 Stack=0019de78
    Parameters (0x00001786 0x0058f728 0x00001c45 0x00000000)
    src\edfail.c, EdFail_Warn (), Line 0587+0027 byte(s)
  4 .V PC=0023:00411f15 Ret=00409e4e Frame=0019dec0 Stack=0019de9c
    Parameters (0x002909bc 0x00000011 0x0019e358 0x00000bca)
    src\eddisp.c, MyMarkMoveToLocation (), Line 7237+0026 byte(s)
  5 .V PC=0023:00409e4e Ret=004090f1 Frame=0019e2f8 Stack=0019dec8
    Parameters (0x002909bc 0x00000bca 0x00408a15 0x00000bca)
    src\eddisp.c, MyCommandHandler (), Line 2697+0019 byte(s)
  6 .V PC=0023:004090f1 Ret=00408a70 Frame=0019e358 Stack=0019e300
    Parameters (0x002909bc 0x00000111 0x00000bca 0x00000001)
    src\eddisp.c, MyCommonMessageHandler (), Line 3487+0019 byte(s)
  7 .V PC=0023:00408a70 Ret=74c284f3 Frame=0019e380 Stack=0019e360
    Parameters (0x002909bc 0x00000111 0x00000bca 0x00000001)
    src\eddisp.c, MyTextDisplayWindowProcedure (), Line 1962+0025 byte(s)
  8 .V PC=0023:74c284f3 Ret=74c06c40 Frame=0019e3ac Stack=0019e388
    Parameters (0x00408a15 0x002909bc 0x00000111 0x00000bca)
    Unknown module, SetManipulationInputTarget() + 0083 byte(s)
  9 .V PC=0023:74c06c40 Ret=74c0613a Frame=0019e454 Stack=0019e3b4
    Parameters (0x00408a15 0x00000000 0x00000111 0x00000bca)
    Unknown module, CallWindowProcW() + 0768 byte(s)
 10 .V PC=0023:74c0613a Ret=74c1a284 Frame=0019e4b8 Stack=0019e45c
    Parameters (0x010956f0 0x00000000 0x00000001 0x00000001)
    Unknown module, SendMessageW() + 0922 byte(s)
 11 .V PC=0023:74c1a284 Ret=004488da Frame=0019e4d8 Stack=0019e4c0
    Parameters (0x002909bc 0x00000111 0x00000bca 0x00000001)
    Unknown module, SendMessageA() + 0084 byte(s)
 12 .V PC=0023:004488da Ret=74c284f3 Frame=0019e510 Stack=0019e4e0
    Parameters (0x000d096c 0x00000111 0x00000bca 0x00000000)
    src\edwin.c, MyEditorWindowProcedure (), Line 1454+0032 byte(s)
 13 .V PC=0023:74c284f3 Ret=74c06c40 Frame=0019e53c Stack=0019e518
    Parameters (0x00448681 0x000d096c 0x00000111 0x00000bca)
    Unknown module, SetManipulationInputTarget() + 0083 byte(s)
 14 .V PC=0023:74c06c40 Ret=74c06541 Frame=0019e5e4 Stack=0019e544
    Parameters (0x00448681 0x00000000 0x00000111 0x00000bca)
    Unknown module, CallWindowProcW() + 0768 byte(s)
 15 .V PC=0023:74c06541 Ret=74c26f30 Frame=0019e650 Stack=0019e5ec
    Parameters (0x0019e668 0x00403225 0x0019e678 0x0019e674)
    Unknown module, DispatchMessageW() + 0593 byte(s)
 16 .V PC=0023:74c26f30 Ret=00403225 Frame=0019e658 Stack=0019e658
    Parameters (0x0019e678 0x0019e674 0x0019e698 0x00403190)
    Unknown module, DispatchMessageA() + 0016 byte(s)
 17 .V PC=0023:00403225 Ret=00403190 Frame=0019e668 Stack=0019e660
    Parameters (0x0019e678 0x0019e6a0 0x000d096c 0x00000111)
    src\ed.c, MyProcessMessage (), Line 1848+0012 byte(s)
 18 .V PC=0023:00403190 Ret=0040170f Frame=0019e698 Stack=0019e670
    Parameters (0x0052cb00 0x0052cb00 0xcccccccc 0xcccccccc)
    src\ed.c, MyProcessEvents (), Line 1818+0009 byte(s)
 19 .V PC=0023:0040170f Ret=0052cc26 Frame=0019fef0 Stack=0019e6a0
    Parameters (0x00400000 0x00000000 0x00703414 0x00000001)
    src\ed.c, WinMain (), Line 0470+0005 byte(s)
 20 .V PC=0023:0052cc26 Ret=74f438f4 Frame=0019ff80 Stack=0019fef8
    Parameters (0x00248000 0x74f438d0 0xc16b9b8a 0x0019ffdc)
    crt0.c, WinMainCRTStartup (), Line 0198+0054 byte(s)
 21 .V PC=0023:74f438f4 Ret=77e256c3 Frame=0019ff94 Stack=0019ff88
    Parameters (0x00248000 0x82c2ce49 0x00000000 0x00000000)
    Unknown module, BaseThreadInitThunk() + 0036 byte(s)
 22 .V PC=0023:77e256c3 Ret=77e2568e Frame=0019ffdc Stack=0019ff9c
    Parameters (0xffffffff 0x77e4b6d8 0x00000000 0x00000000)
    Unknown module, RtlUnicodeStringToInteger() + 0595 byte(s)
 23 .V PC=0023:77e2568e Ret=00000000 Frame=0019ffec Stack=0019ffe4
    Parameters (0x0052cb00 0x00248000 0x00000000 0x78746341)
    Unknown module, RtlUnicodeStringToInteger() + 0542 byte(s)


------------------------------------------------------
*** NON-FATAL INTERNAL ERROR in "Ready" ***
Date: Jan 17 2016 5:35 PM

File Name: C:\Program Files (x86)\Ready to Program\Ready.exe
Version: 1.7.1  [11]
File Size: 2908199
File Date: Oct 7 2003 3:57 PM
Operating System: After Windows XP
JVM: Ready Built-in JRE (1.4.2 or later)
"assert" Statements: disabled


Previous Operations:
  CMD: WM_LBUTTONUP (D)
    Extend Selection - Text: 260a798 - L: 1028 - C: 89 (x1)
    Text - sz:1194:46400 - slFr:41836 - slTo:41836 - nlA:0
    Line Starts: 1191:46382 1192:46392 1193:46398 1194:46400
  CMD: WM_ACTIVATE (W)
  CMD: WM_ACTIVATE (W)
  CMD: WM_SETFOCUS (W)
  CMD: COMMAND_STOP
  CMD: WM_SETFOCUS (W)
  CMD: COMMAND_RUN
    Run (1) - Window: 2909bc - Ex: 1 - Args: 0 - Step: 0
    Jikes compiling BattleShip
    Command to Java Supervisor - "-java "C:\Program Files (x86)\Ready to Program\Support\jre142_01\bin\client\jvm.dll" -cp ".;C:\Program Files (x86)\Ready to Program\Support\Ready Classes;C:\Program Files (x86)\Ready to Program\Support\Classes;C:\Program Files (x86)\Ready to Program\Support\Ready Classes\tools.jar;" -class BattleShip -props F 25 80 10 "Courier New" 2 F 0 F 8 8 0 F T -applet "D:\School\Comp Sci\Unit 6 - Battleship" "D:\School\Comp Sci\Unit 6 - Battleship" 300 200 џџ"
    JavaSup: -pipe 508 520 440 854380
    JavaSup: JVM Option: "-Djava.class.path=.;C:\Program Files (x86)\Ready to Program\Support\Ready Classes;C:\Program Files (x86)\Ready to Program\Support\Classes;C:\Program Files (x86)\Ready to Program\Support\Ready Classes\tools.jar;"
    JavaSup: JVM Option: "-Djava.library.path=C:\Program Files (x86)\Ready to Program\Support\Bin"
  CMD: WM_ACTIVATE (W)
  CMD: WM_ACTIVATE (W)
  CMD: WM_LBUTTONDOWN (D)
    Set Selection (1) - Text: 260a798 - L: 1031 - C: 45
    Text - sz:1194:46400 - slFr:1028:28:41836 - slTo:1028:28:41836 - nlA:0
    Line Starts: 1191:46382 1192:46392 1193:46398 1194:46400
    Set Selection (2) - sz:1194:46400 - slFr:41937 - slTo:41937 - nlA:0
    Line Starts: 1191:46382 1192:46392 1193:46398 1194:46400
    Extend Selection - Text: 260a798 - L: 1031 - C: 45 (x1)
    Text - sz:1194:46400 - slFr:1031:31:41937 - slTo:1031:31:41937 - nlA:0
    Line Starts: 1191:46382 1192:46392 1193:46398 1194:46400
  CMD: WM_LBUTTONUP (D)
    Extend Selection - Text: 260a798 - L: 1031 - C: 45 (x1)
    Text - sz:1194:46400 - slFr:41937 - slTo:41937 - nlA:0
    Line Starts: 1191:46382 1192:46392 1193:46398 1194:46400
  CMD: WM_LBUTTONDOWN (D)
    Set Selection (1) - Text: 260a798 - L: 1032 - C: 115
    Text - sz:1194:46400 - slFr:41937 - slTo:41937 - nlA:0
    Line Starts: 1191:46382 1192:46392 1193:46398 1194:46400
    Set Selection (2) - sz:1194:46400 - slFr:42053 - slTo:42053 - nlA:0
    Line Starts: 1191:46382 1192:46392 1193:46398 1194:46400
  CMD: WM_LBUTTONUP (D)
    Extend Selection - Text: 260a798 - L: 1032 - C: 115 (x1)
    Text - sz:1194:46400 - slFr:1032:115:42053 - slTo:1032:115:42053 - nlA:0
    Line Starts: 1191:46382 1192:46392 1193:46398 1194:46400
  CMD: COMMAND_MOVE/SELECT_COLUMN_RIGHT
    Move Column Right - Text: 260a798 - Select: 0
    Text - sz:1194:46400 - slFr:42053 - slTo:42053 - nlA:0
    Line Starts: 1191:46382 1192:46392 1193:46398 1194:46400
  CMD: WM_CHAR [#8] (D)
    Keystroke - Text: 260a798 - ch: 8
    Text - sz:1194:46400 - slFr:1032:116:42054 - slTo:1032:116:42054 - nlA:0
    Line Starts: 1191:46382 1192:46392 1193:46398 1194:46400
    Keystroke (2) - sz:1194:46399 - slFr:42053 - slTo:42053 - nlA:0
    Line Starts: 1191:46381 1192:46391 1193:46397 1194:46399
  CMD: WM_LBUTTONDOWN (D)
    Set Selection (1) - Text: 260a798 - L: 1151 - C: 40
    Text - sz:1194:46399 - slFr:1032:115:42053 - slTo:1032:115:42053 - nlA:0
    Line Starts: 1191:46381 1192:46391 1193:46397 1194:46399
    Set Selection (2) - sz:1194:46399 - slFr:45658 - slTo:45658 - nlA:0
    Line Starts: 1191:46381 1192:46391 1193:46397 1194:46399
    Extend Selection - Text: 260a798 - L: 1151 - C: 26 (x132)
    Text - sz:1194:46399 - slFr:45658 - slTo:45644 - nlA:0
    Line Starts: 1191:46381 1192:46391 1193:46397 1194:46399
  CMD: WM_LBUTTONUP (D)
    Extend Selection - Text: 260a798 - L: 1151 - C: 26 (x1)
    Text - sz:1194:46399 - slFr:45658 - slTo:45644 - nlA:0
    Line Starts: 1191:46381 1192:46391 1193:46397 1194:46399
  CMD: WM_CHAR [#8] (D)
    Keystroke - Text: 260a798 - ch: 8
    Text - sz:1194:46399 - slFr:45658 - slTo:45644 - nlA:0
    Line Starts: 1191:46381 1192:46391 1193:46397 1194:46399
    Delete Selection (1) - Text: 260a798
    Text - sz:1194:46399 - slFr:45658 - slTo:45644 - nlA:0
    Line Starts: 1191:46381 1192:46391 1193:46397 1194:46399
    Delete Selection (2) - From line: 1151 - From col: 26 - To line: 1151 - To col: 40
    Delete Selection (3) - sz:1194:46385 - slFr:45644 - slTo:45644 - nlA:0
    Line Starts: 1191:46367 1192:46377 1193:46383 1194:46385
    Keystroke (2) - sz:1194:46385 - slFr:45644 - slTo:45644 - nlA:0
    Line Starts: 1191:46367 1192:46377 1193:46383 1194:46385
  CMD: WM_SETFOCUS (W)
  CMD: COMMAND_STOP
  CMD: WM_SETFOCUS (W)
  CMD: COMMAND_RUN
    Run (1) - Window: 2909bc - Ex: 1 - Args: 0 - Step: 0
    Jikes compiling BattleShip
    Command to Java Supervisor - "-java "C:\Program Files (x86)\Ready to Program\Support\jre142_01\bin\client\jvm.dll" -cp ".;C:\Program Files (x86)\Ready to Program\Support\Ready Classes;C:\Program Files (x86)\Ready to Program\Support\Classes;C:\Program Files (x86)\Ready to Program\Support\Ready Classes\tools.jar;" -class BattleShip -props F 25 80 10 "Courier New" 2 F 0 F 8 8 0 F T -applet "D:\School\Comp Sci\Unit 6 - Battleship" "D:\School\Comp Sci\Unit 6 - Battleship" 300 200 џџ"
    JavaSup: JVM Option: "-enableassertions"
    JavaSup: JVM Option: "-Xdebug"
    JavaSup: JVM Option: "-Xrunjdwp:transport=dt_shmem,address=readyshmem,server=y,suspend=n"
    JavaSup: -pipe 508 520 440 854380
    JavaSup: JVM Option: "-Djava.class.path=.;C:\Program Files (x86)\Ready to Program\Support\Ready Classes;C:\Program Files (x86)\Ready to Program\Support\Classes;C:\Program Files (x86)\Ready to Program\Support\Ready Classes\tools.jar;"
    JavaSup: JVM Option: "-Djava.library.path=C:\Program Files (x86)\Ready to Program\Support\Bin"
  CMD: WM_ACTIVATE (W)
  CMD: WM_ACTIVATE (W)
  CMD: WM_LBUTTONDOWN (D)
    Set Selection (1) - Text: 260a798 - L: 1032 - C: 27
    Text - sz:1194:46385 - slFr:1151:26:45644 - slTo:1151:26:45644 - nlA:0
    Line Starts: 1191:46367 1192:46377 1193:46383 1194:46385
    Set Selection (2) - sz:1194:46385 - slFr:41965 - slTo:41965 - nlA:0
    Line Starts: 1191:46367 1192:46377 1193:46383 1194:46385
    Extend Selection - Text: 260a798 - L: 1032 - C: 27 (x1)
    Text - sz:1194:46385 - slFr:1032:27:41965 - slTo:1032:27:41965 - nlA:0
    Line Starts: 1191:46367 1192:46377 1193:46383 1194:46385
  CMD: WM_LBUTTONUP (D)
    Extend Selection - Text: 260a798 - L: 1032 - C: 27 (x1)
    Text - sz:1194:46385 - slFr:41965 - slTo:41965 - nlA:0
    Line Starts: 1191:46367 1192:46377 1193:46383 1194:46385
  CMD: WM_INITMENU (W)
  CMD: COMMAND_FIND
    Find Text Dialog - Window: 2909bc
  CMD: WM_ACTIVATE (W)
    Find (1) - Window: 2909bc - Forward: 1
    Find (2) - sz:1194:46385 - slFr:41965 - slTo:41965 - nlA:0
    Find (1) - Window: 2909bc - Forward: 1
    Find (2) - sz:1194:46385 - slFr:41965 - slTo:41965 - nlA:0
    Find (1) - Window: 2909bc - Forward: 1
    Find (2) - sz:1194:46385 - slFr:41965 - slTo:41965 - nlA:0
    Find (1) - Window: 2909bc - Forward: 1
    Find (2) - sz:1194:46385 - slFr:41965 - slTo:41965 - nlA:0
    Find (1) - Window: 2909bc - Forward: 1
    Set Selection1 (1) - Text: 260a798 - From: 30884 - To: 30891
    Text - sz:1194:46385 - slFr:1032:27:41965 - slTo:1032:27:41965 - nlA:0
    Line Starts: 1191:46367 1192:46377 1193:46383 1194:46385
  CMD: WM_ACTIVATE (W)
    Find (2) - sz:1194:46385 - slFr:30884 - slTo:30891 - nlA:0
  CMD: WM_SETFOCUS (W)
  CMD: WM_LBUTTONDOWN (D)
    Set Selection (1) - Text: 260a798 - L: 703 - C: 16
    Text - sz:1194:46385 - slFr:695:92:30884 - slTo:695:99:30891 - nlA:0
    Line Starts: 1191:46367 1192:46377 1193:46383 1194:46385
    Set Selection (2) - sz:1194:46385 - slFr:31229 - slTo:31229 - nlA:0
    Line Starts: 1191:46367 1192:46377 1193:46383 1194:46385
    Extend Selection - Text: 260a798 - L: 704 - C: 65 (x152)
    Text - sz:1194:46385 - slFr:31229 - slTo:31484 - nlA:0
    Line Starts: 1191:46367 1192:46377 1193:46383 1194:46385
  CMD: WM_LBUTTONUP (D)
    Extend Selection - Text: 260a798 - L: 704 - C: 65 (x1)
    Text - sz:1194:46385 - slFr:31229 - slTo:31484 - nlA:0
    Line Starts: 1191:46367 1192:46377 1193:46383 1194:46385
  CMD: WM_INITMENU (W)
  CMD: COMMAND_CUT
    Cut/Copy (1) - Window: 2909bc - Cut: 1
    Cut/Copy (2) - from:703:16:31229 - to:704:57:31484 - lines:2 - nla: 1194
    Delete Selection (1) - Text: 260a798
    Text - sz:1194:46385 - slFr:703:16:31229 - slTo:704:57:31484 - nlA:0
    Line Starts: 1191:46367 1192:46377 1193:46383 1194:46385
    Delete Selection (2) - From line: 703 - From col: 16 - To line: 704 - To col: 57
    Delete Selection (3) - sz:1193:46130 - slFr:31229 - slTo:31229 - nlA:0
    Line Starts: 1190:46112 1191:46122 1192:46128 1193:46130
  CMD: WM_INITMENU (W)
    Move to Mark - Window: 2909bc - Mark #: 14
  CMD: WM_ACTIVATE (W)
  CMD: WM_ACTIVATE (W)



The environment has experienced an unexpected internal error.

This error is caused by a bug in the environment and is not your fault!
Details about the crash have been saved in the file "D:\School\Comp Sci\Unit 6 - Battleship\panic.log".

If possible, please e-mail this file to readybugs@hsa.on.ca

Here are some details about the error:
   Error = Can't find mark in mark menu (14) (6022)
   File = src\eddisp.c
   Line = 7237

TROUBLE!  You're already in the crash handler!


------------------------------------------------------
*** FATAL INTERNAL ERROR in "Ready" ***
Date: Jan 17 2016 7:22 PM

File Name: C:\Program Files (x86)\Ready to Program\Ready.exe
Version: 1.7.1  [11]
File Size: 2908199
File Date: Oct 7 2003 3:57 PM
Operating System: After Windows XP
JVM: Ready Built-in JRE (1.4.2 or later)
"assert" Statements: disabled


Previous Operations:
    Run (1) - Window: 520948 - Ex: 1 - Args: 0 - Step: 0
    Jikes compiling BattleShip
    Command to Java Supervisor - "-java "C:\Program Files (x86)\Ready to Program\Support\jre142_01\bin\client\jvm.dll" -cp ".;C:\Program Files (x86)\Ready to Program\Support\Ready Classes;C:\Program Files (x86)\Ready to Program\Support\Classes;C:\Program Files (x86)\Ready to Program\Support\Ready Classes\tools.jar;" -class BattleShip -props F 25 80 10 "Courier New" 2 F 0 F 8 8 0 F T -applet "D:\School\Comp Sci\Unit 6 - Battleship" "D:\School\Comp Sci\Unit 6 - Battleship" 300 200 џџ"
    JavaSup: JVM Option: "-Djava.class.path=.;C:\Program Files (x86)\Ready to Program\Support\Ready Classes;C:\Program Files (x86)\Ready to Program\Support\Classes;C:\Program Files (x86)\Ready to Program\Support\Ready Classes\tools.jar;"
    JavaSup: JVM Option: "-Djava.library.path=C:\Program Files (x86)\Ready to Program\Support\Bin"
    JavaSup: JVM Option: "-enableassertions"
    JavaSup: JVM Option: "-Xdebug"
    JavaSup: JVM Option: "-Xrunjdwp:transport=dt_shmem,address=readyshmem,server=y,suspend=n"
  CMD: WM_ACTIVATE (W)
  CMD: WM_ACTIVATE (W)
  CMD: WM_LBUTTONDOWN (D)
    Set Selection (1) - Text: 557c810 - L: 1148 - C: 8
    Text - sz:1300:50018 - slFr:1154:0:46211 - slTo:1154:0:46211 - nlA:0
    Line Starts: 1297:50014 1298:50016 1299:50017 1300:50018
    Set Selection (2) - sz:1300:50018 - slFr:46078 - slTo:46078 - nlA:0
    Line Starts: 1297:50014 1298:50016 1299:50017 1300:50018
    Extend Selection - Text: 557c810 - L: 1148 - C: 8 (x1)
    Text - sz:1300:50018 - slFr:1148:8:46078 - slTo:1148:8:46078 - nlA:0
    Line Starts: 1297:50014 1298:50016 1299:50017 1300:50018
  CMD: WM_LBUTTONUP (D)
    Extend Selection - Text: 557c810 - L: 1148 - C: 8 (x1)
    Text - sz:1300:50018 - slFr:46078 - slTo:46078 - nlA:0
    Line Starts: 1297:50014 1298:50016 1299:50017 1300:50018
  CMD: WM_CHAR [/] (D) (x2) [//]
    Keystroke - Text: 557c810 - ch: 47
    Text - sz:1300:50019 - slFr:1148:9:46079 - slTo:1148:9:46079 - nlA:0
    Line Starts: 1297:50015 1298:50017 1299:50018 1300:50019
    Keystroke (2) - sz:1300:50020 - slFr:46080 - slTo:46080 - nlA:0
    Line Starts: 1297:50016 1298:50018 1299:50019 1300:50020
  CMD: WM_SETFOCUS (W)
  CMD: COMMAND_STOP
  CMD: WM_SETFOCUS (W)
  CMD: COMMAND_RUN
    Run (1) - Window: 520948 - Ex: 1 - Args: 0 - Step: 0
    Jikes compiling BattleShip
    Command to Java Supervisor - "-java "C:\Program Files (x86)\Ready to Program\Support\jre142_01\bin\client\jvm.dll" -cp ".;C:\Program Files (x86)\Ready to Program\Support\Ready Classes;C:\Program Files (x86)\Ready to Program\Support\Classes;C:\Program Files (x86)\Ready to Program\Support\Ready Classes\tools.jar;" -class BattleShip -props F 25 80 10 "Courier New" 2 F 0 F 8 8 0 F T -applet "D:\School\Comp Sci\Unit 6 - Battleship" "D:\School\Comp Sci\Unit 6 - Battleship" 300 200 џџ"
    JavaSup: -pipe 508 520 440 14813318
    JavaSup: JVM Option: "-Djava.class.path=.;C:\Program Files (x86)\Ready to Program\Support\Ready Classes;C:\Program Files (x86)\Ready to Program\Support\Classes;C:\Program Files (x86)\Ready to Program\Support\Ready Classes\tools.jar;"
    JavaSup: JVM Option: "-Djava.library.path=C:\Program Files (x86)\Ready to Program\Support\Bin"
    JavaSup: JVM Option: "-enableassertions"
    JavaSup: JVM Option: "-Xdebug"
    JavaSup: JVM Option: "-Xrunjdwp:transport=dt_shmem,address=readyshmem,server=y,suspend=n"
  CMD: WM_ACTIVATE (W)
  CMD: WM_ACTIVATE (W)
  CMD: WM_LBUTTONDOWN (D)
    Set Selection (1) - Text: 557c810 - L: 1148 - C: 15
    Text - sz:1300:50020 - slFr:1148:10:46080 - slTo:1148:10:46080 - nlA:0
    Line Starts: 1297:50016 1298:50018 1299:50019 1300:50020
    Set Selection (2) - sz:1300:50020 - slFr:46085 - slTo:46085 - nlA:0
    Line Starts: 1297:50016 1298:50018 1299:50019 1300:50020
    Extend Selection - Text: 557c810 - L: 1148 - C: 15 (x1)
    Text - sz:1300:50020 - slFr:1148:15:46085 - slTo:1148:15:46085 - nlA:0
    Line Starts: 1297:50016 1298:50018 1299:50019 1300:50020
  CMD: WM_LBUTTONUP (D)
    Extend Selection - Text: 557c810 - L: 1148 - C: 15 (x1)
    Text - sz:1300:50020 - slFr:46085 - slTo:46085 - nlA:0
    Line Starts: 1297:50016 1298:50018 1299:50019 1300:50020
  CMD: WM_INITMENU (W)
    Move to Mark - Window: 520948 - Mark #: 10
    Move to Mark (2) - Line: 799 of 1300 - Name: public void winning ()
    Set Selection (1) - Text: 557c810 - L: 799 - C: 0
    Text - sz:1300:50020 - slFr:1148:15:46085 - slTo:1148:15:46085 - nlA:0
    Line Starts: 1297:50016 1298:50018 1299:50019 1300:50020
    Set Selection (2) - sz:1300:50020 - slFr:33273 - slTo:33273 - nlA:0
    Line Starts: 1297:50016 1298:50018 1299:50019 1300:50020
  CMD: WM_ACTIVATE (W)
  CMD: WM_ACTIVATE (W)
  CMD: WM_LBUTTONDOWN (D)
    Set Selection (1) - Text: 557c810 - L: 825 - C: 12
    Text - sz:1300:50020 - slFr:799:0:33273 - slTo:799:0:33273 - nlA:0
    Line Starts: 1297:50016 1298:50018 1299:50019 1300:50020
    Set Selection (2) - sz:1300:50020 - slFr:34013 - slTo:34013 - nlA:0
    Line Starts: 1297:50016 1298:50018 1299:50019 1300:50020
    Extend Selection - Text: 557c810 - L: 825 - C: 12 (x1)
    Text - sz:1300:50020 - slFr:825:12:34013 - slTo:825:12:34013 - nlA:0
    Line Starts: 1297:50016 1298:50018 1299:50019 1300:50020
  CMD: WM_LBUTTONUP (D)
    Extend Selection - Text: 557c810 - L: 825 - C: 12 (x1)
    Text - sz:1300:50020 - slFr:34013 - slTo:34013 - nlA:0
    Line Starts: 1297:50016 1298:50018 1299:50019 1300:50020
  CMD: WM_LBUTTONDOWN (D)
    Set Selection (1) - Text: 557c810 - L: 1153 - C: 10
    Text - sz:1300:50020 - slFr:825:12:34013 - slTo:825:12:34013 - nlA:0
    Line Starts: 1297:50016 1298:50018 1299:50019 1300:50020
    Set Selection (2) - sz:1300:50020 - slFr:46210 - slTo:46210 - nlA:0
    Line Starts: 1297:50016 1298:50018 1299:50019 1300:50020
  CMD: WM_LBUTTONUP (D)
    Extend Selection - Text: 557c810 - L: 1153 - C: 10 (x1)
    Text - sz:1300:50020 - slFr:1153:10:46210 - slTo:1153:10:46210 - nlA:0
    Line Starts: 1297:50016 1298:50018 1299:50019 1300:50020
  CMD: WM_LBUTTONDOWN (D)
    Set Selection (1) - Text: 557c810 - L: 1154 - C: 18
    Text - sz:1300:50020 - slFr:46210 - slTo:46210 - nlA:0
    Line Starts: 1297:50016 1298:50018 1299:50019 1300:50020
    Set Selection (2) - sz:1300:50020 - slFr:46213 - slTo:46213 - nlA:0
    Line Starts: 1297:50016 1298:50018 1299:50019 1300:50020
    Extend Selection - Text: 557c810 - L: 1149 - C: 8 (x120)
    Text - sz:1300:50020 - slFr:46213 - slTo:46098 - nlA:0
    Line Starts: 1297:50016 1298:50018 1299:50019 1300:50020
  CMD: WM_LBUTTONUP (D)
    Extend Selection - Text: 557c810 - L: 1149 - C: 8 (x1)
    Text - sz:1300:50020 - slFr:1154:0:46213 - slTo:1149:8:46099 - nlA:0
    Line Starts: 1297:50016 1298:50018 1299:50019 1300:50020
  CMD: WM_CONTEXTMENU (D)
  CMD: COMMAND_UNCOMMENT_RANGE
    Uncomment Selection (1) - Text: 557c810
    Text - sz:1300:50020 - slFr:1154:0:46213 - slTo:1149:8:46099 - nlA:0
    Line Starts: 1297:50016 1298:50018 1299:50019 1300:50020
    Uncomment Selection (2) - From line: 1149 - From col: 8 - To line: 1154 - To col: 0
    Uncomment Selection (3) - sz:1300:50005 - slFr:46198 - slTo:46198 - nlA:0
    Line Starts: 1297:50001 1298:50003 1299:50004 1300:50005
  CMD: WM_LBUTTONDOWN (D)
    Set Selection (1) - Text: 557c810 - L: 1154 - C: 11
    Text - sz:1300:50005 - slFr:1154:0:46198 - slTo:1154:0:46198 - nlA:0
    Line Starts: 1297:50001 1298:50003 1299:50004 1300:50005
    Set Selection (2) - sz:1300:50005 - slFr:46198 - slTo:46198 - nlA:0
    Line Starts: 1297:50001 1298:50003 1299:50004 1300:50005
    Extend Selection - Text: 557c810 - L: 1150 - C: 8 (x76)
    Text - sz:1300:50005 - slFr:46198 - slTo:46122 - nlA:0
    Line Starts: 1297:50001 1298:50003 1299:50004 1300:50005
  CMD: WM_LBUTTONUP (D)
    Extend Selection - Text: 557c810 - L: 1150 - C: 8 (x1)
    Text - sz:1300:50005 - slFr:46198 - slTo:46122 - nlA:0
    Line Starts: 1297:50001 1298:50003 1299:50004 1300:50005
  CMD: WM_CONTEXTMENU (D)
  CMD: COMMAND_UNCOMMENT_RANGE
    Uncomment Selection (1) - Text: 557c810
    Text - sz:1300:50005 - slFr:1154:0:46198 - slTo:1150:8:46122 - nlA:0
    Line Starts: 1297:50001 1298:50003 1299:50004 1300:50005
    Uncomment Selection (2) - From line: 1150 - From col: 8 - To line: 1154 - To col: 0
  CMD: WM_LBUTTONDOWN (D)
    Set Selection (1) - Text: 557c810 - L: 1153 - C: 19
    Text - sz:1300:50005 - slFr:1150:0:46114 - slTo:1151:0:46124 - nlA:0
    Line Starts: 1297:50001 1298:50003 1299:50004 1300:50005
    Set Selection (2) - sz:1300:50005 - slFr:46197 - slTo:46197 - nlA:0
    Line Starts: 1297:50001 1298:50003 1299:50004 1300:50005
  CMD: WM_LBUTTONUP (D)
    Extend Selection - Text: 557c810 - L: 1153 - C: 19 (x1)
    Text - sz:1300:50005 - slFr:1153:9:46197 - slTo:1153:9:46197 - nlA:0
    Line Starts: 1297:50001 1298:50003 1299:50004 1300:50005
  CMD: WM_INITMENU (W)
  CMD: COMMAND_UNDO
    Undo (1) - Text: 557c810 - Undo: 1
    Text - sz:1300:50005 - slFr:46197 - slTo:46197 - nlA:0
    Line Starts: 1297:50001 1298:50003 1299:50004 1300:50005
    Undo (2) - Undo size: 8 - Repl from: 46190 - Repl to: -842150451
    Insert Text (1) - Text: 557c810 - size: 8 - clean: 1
    Text - sz:1300:50005 - slFr:46190 - slTo:-842150451 - nlA:0
    Line Starts: 1297:50001 1298:50003 1299:50004 1300:50005
    Insert Text (2) - numNewLines: 1



The environment has experienced an unexpected internal error.

This error is caused by a bug in the environment and is not your fault!
Details about the crash have been saved in the file "D:\School\Comp Sci\Unit 6 - Battleship\panic.log".

If possible, please e-mail this file to readybugs@hsa.on.ca

Here are some details about the error:
   Error = Ready has gone into an infinite loop.

Ready Internal State: 1300 0 -1 0 -842150451 0 -33686019 0
---
--- (6051)
   File = src\edtext.c
   Line = 4672

All unsaved open files will be saved with a ".sav" or ".sv#" extension.

TROUBLE!  You're already in the crash handler!


------------------------------------------------------
*** ENVIRONMENT CRASH ***

Date: Aug 9 2017 1:43 AM

File Name: C:\Program Files (x86)\Ready to Program\Ready.exe
Version: 1.7.1  [11]
File Size: 2908199
File Date: Oct 7 2003 3:57 PM
Operating System: After Windows XP
JVM: Ready Built-in JRE (1.4.2 or later)
"assert" Statements: disabled


Cause of Crash: Breakpoint Reached

Previous Operations:
    ннннннннннннннннннннннннннннннннннннннннннннннннннннннннннннннннннннннннннннннннннннннннннннннннннннннннннннннннннннннннннннннннннннннннннннннннннннннннннннннннннннннннннннннннннннннннннннннннннннннннннннннннннннннннннннннннннннннннннннннннннннннннннннннннннннннннннннннннннннннннннннннннннннннннннннннннннннннннннннннннннннннннннннннннннннннннннннннннннннннннннннннннннннннннннннннннннннннннннннннннннннннннннннннннннннннннннннннннннннннннннннннннннннннннннннннннннннннннннннннннннннннннннннннннннннннннннннннннE
    ннннннннннннннннннннннннннннннннннннннннннннннннннннннннннннннннннннннннннннннннннннннннннннннннннннннннннннннннннннннннннннннннннннннннннннннннннннннннннннннннннннннннннннннннннннннннннннннннннннннннннннннннннннннннннннннннннннннннннннннннннннннннннннннннннннннннннннннннннннннннннннннннннннннннннннннннннннннннннннннннннннннннннннннннннннннннннннннннннннннннннннннннннннннннннннннннннннннннннннннннннннннннннннннннннннннннннннннннннннннннннннннннннннннннннннннннннннннннннннннннннннннннннннннннннннннннннннннннE
    ннннннннннннннннннннннннннннннннннннннннннннннннннннннннннннннннннннннннннннннннннннннннннннннннннннннннннннннннннннннннннннннннннннннннннннннннннннннннннннннннннннннннннннннннннннннннннннннннннннннннннннннннннннннннннннннннннннннннннннннннннннннннннннннннннннннннннннннннннннннннннннннннннннннннннннннннннннннннннннннннннннннннннннннннннннннннннннннннннннннннннннннннннннннннннннннннннннннннннннннннннннннннннннннннннннннннннннннннннннннннннннннннннннннннннннннннннннннннннннннннннннннннннннннннннннннннннннннннE
    нннннннннннннннннннннннннннннннннннннннннннннннннннннннннннннннннннннннннннннннннннннннннннннннннннннннннннннннннннннннннннннннннннннннннннннннннннннннннннннннннннннннннннннннннннннннннннннннннннннннннннннннннннннннннннннннннннннннннннннннннннннннннннннннннннннннннннннннннннннннннннннннннннннннннннннннннннннннннннннннннннннннннннннннннннннннннннннннннннннннннннннннннннннннннннннннннннннннннннннннннннннннннннннннннннннннннннннннннннннннннннннннннннннннннннннннннннннннннннннннннннннннннннннннннннннннн
    нннннннннннннннннннннннннннннннннннннннннннннннннннннннннннннннннннннннннннннннннннннннннннннннннннннннннннннннннннннннннннннннннннннннннннннннннннннннннннннннннннннннннннннннннннннннннннннннннннннннннннннннннннннннннннннннннннннннннннннннннннннннннннннннннннннннннннннннннннннннннннннннннннннннннннннннннннннннннннннннннннннннннннннннннннннннннннннннннннннннннннннннннннннннннннннннннннннннннннннннннннннннннннннннннннннннннннннннннннннннннннннннннннннннннннннннннннннннннннннннннннннннннннннннннннннннн
    нннннннннннннннннннннннннннннннннннннннннннннннннннннннннннннннннннннннннннннннннннннннннннннннннннннннннннннннннннннннннннннннннннннннннннннннннннннннннннннннннннннннннннннннннннннннннннннннннннннннннннннннннннннннннннннннннннннннннннннннннннннннннннннннннннннннннннннннннннннннннннннннннннннннннннннннннннннннннннннннннннннннннннннннннннннннннннннннннннннннннннннннннннннннннннннннннннннннннннннннннннннннннннннннннннннннннннннннннннннннннннннннннннннннннннннннннннннннннннннннннннннннннннннннннннннннн
    нннннннннннннннннннннннннннннннннннннннннннннннннннннннннннннннннннннннннннннннннннннннннннннннннннннннннннннннннннннннннннннннннннннннннннннннннннннннннннннннннннннннннннннннннннннннннннннннннннннннннннннннннннннннннннннннннннннннннннннннннннннннннннннннннннннннннннннннннннннннннннннннннннннннннннннннннннннннннннннннннннннннннннннннннннннннннннннннннннннннннннннннннннннннннннннннннннннннннннннннннннннннннннннннннннннннннннннннннннннннннннннннннннннннннннннннннннннннннннннннннннннннннннннннннннннннн
    нннннннннннннннннннннннннннннннннннннннннннннннннннннннннннннннннннннннннннннннннннннннннннннннннннннннннннннннннннннннннннннннннннннннннннннннннннннннннннннннннннннннннннннннннннннннннннннннннннннннннннннннннннннннннннннннннннннннннннннннннннннннннннннннннннннннннннннннннннннннннннннннннннннннннннннннннннннннннннннннннннннннннннннннннннннннннннннннннннннннннннннннннннннннннннннннннннннннннннннннннннннннннннннннннннннннннннннннннннннннннннннннннннннннннннннннннннннннннннннннннннннннннннннннннннннннн
    нннннннннннннннннннннннннннннннннннннннннннннннннннннннннннннннннннннннннннннннннннннннннннннннннннннннннннннннннннннннннннннннннннннннннннннннннннннннннннннннннннннннннннннннннннннннннннннннннннннннннннннннннннннннннннннннннннннннннннннннннннннннннннннннннннннннннннннннннннннннннннннннннннннннннннннннннннннннннннннннннннннннннннннннннннннннннннннннннннннннннннннннннннннннннннннннннннннннннннннннннннннннннннннннннннннннннннннннннннннннннннннннннннннннннннннннннннннннннннннннннннннннннннннннннннннннн
    нннннннннннннннннннннннннннннннннннннннннннннннннннннннннннннннннннннннннннннннннннннннннннннннннннннннннннннннннннннннннннннннннннннннннннннннннннннннннннннннннннннннннннннннннннннннннннннннннннннннннннннннннннннннннннннннннннннннннннннннннннннннннннннннннннннннннннннннннннннннннннннннннннннннннннннннннннннннннннннннннннннннннннннннннннннннннннннннннннннннннннннннннннннннннннннннннннннннннннннннннннннннннннннннннннннннннннннннннннннннннннннннннннннннннннннннннннннннннннннннннннннннннннннннннннннннн
    нннннннннннннннннннннннннннннннннннннннннннннннннннннннннннннннннннннннннннннннннннннннннннннннннннннннннннннннннннннннннннннннннннннннннннннннннннннннннннннннннннннннннннннннннннннннннннннннннннннннннннннннннннннннннннннннннннннннннннннннннннннннннннннннннннннннннннннннннннннннннннннннннннннннннннннннннннннннннннннннннннннннннннннннннннннннннннннннннннннннннннннннннннннннннннннннннннннннннннннннннннннннннннннннннннннннннннннннннннннннннннннннннннннннннннннннннннннннннннннннннннннннннннннннннннннннн
    нннннннннннннннннннннннннннннннннннннннннннннннннннннннннннннннннннннннннннннннннннннннннннннннннннннннннннннннннннннннннннннннннннннннннннннннннннннннннннннннннннннннннннннннннннннннннннннннннннннннннннннннннннннннннннннннннннннннннннннннннннннннннннннннннннннннннннннннннннннннннннннннннннннннннннннннннннннннннннннннннннннннннннннннннннннннннннннннннннннннннннннннннннннннннннннннннннннннннннннннннннннннннннннннннннннннннннннннннннннннннннннннннннннннннннннннннннннннннннннннннннннннннннннннннннннннн
    нннннннннннннннннннннннннннннннннннннннннннннннннннннннннннннннннннннннннннннннннннннннннннннннннннннннннннннннннннннннннннннннннннннннннннннннннннннннннннннннннннннннннннннннннннннннннннннннннннннннннннннннннннннннннннннннннннннннннннннннннннннннннннннннннннннннннннннннннннннннннннннннннннннннннннннннннннннннннннннннннннннннннннннннннннннннннннннннннннннннннннннннннннннннннннннннннннннннннннннннннннннннннннннннннннннннннннннннннннннннннннннннннннннннннннннннннннннннннннннннннннннннннннннннннннннннн
    Command to Java Supervisor - "-java "C:\Program Files (x86)\Ready to Program\Support\jre142_01\bin\client\jvm.dll" -cp ".;C:\Program Files (x86)\Ready to Program\Support\Ready Classes;C:\Program Files (x86)\Ready to Program\Support\Classes;C:\Program Files (x86)\Ready to Program\Support\Ready Classes\tools.jar;" -class BattleShip -props F 25 80 10 "Courier New" 2 F 0 F 8 8 0 F T -applet "D:\School\zGrade 9 and 10\Comp Sci\Unit 6 - Battleship" "D:\School\zGrade 9 and 10\Comp Sci\Unit 6 - Battleship" 300 200 џџ"
    JavaSup: -pipe 568 580 500 462762
    JavaSup: JVM Option: "-Djava.class.path=.;C:\Program Files (x86)\Ready to Program\Support\Ready Classes;C:\Program Files (x86)\Ready to Program\Support\Classes;C:\Program Files (x86)\Ready to Program\Support\Ready Classes\tools.jar;"
    JavaSup: JVM Option: "-Djava.library.path=C:\Program Files (x86)\Ready to Program\Support\Bin"
    JavaSup: JVM Option: "-enableassertions"
    JavaSup: JVM Option: "-Xdebug"
    JavaSup: JVM Option: "-Xrunjdwp:transport=dt_shmem,address=readyshmem,server=y,suspend=n"
  CMD: WM_ACTIVATE (W)
  CMD: WM_ACTIVATE (W)
  CMD: WM_ACTIVATE (W)
  CMD: WM_ACTIVATE (W)
  CMD: WM_CLOSE (W)
  CMD: WM_ACTIVATE (W)
  CMD: WM_ACTIVATE (W)
  CMD: WM_ACTIVATE (W)
  CMD: WM_DESTROY (W)
  CMD: WM_DESTROY (D)


Registers
  EAX=00000001  EBX=0031A000  ECX=00000001  EDX=009E3238  ESI=0019E6A0
  EDI=0019FEF0  EBP=0019E650  ESP=0019E640  EIP=00525E7F  FLG=00000246
  CS=0023  DS=002B  SS=002B  ES=002B  FS=0053  GS=002B

List of Modules: 
    C:\Program Files (x86)\Ready to Program\Ready.exe
    C:\WINDOWS\SYSTEM32\ntdll.dll
    C:\WINDOWS\System32\KERNEL32.DLL
    D:\Program Files - D\Avast\aswhookx.dll
    C:\WINDOWS\System32\KERNELBASE.dll
    C:\WINDOWS\System32\USER32.dll
    C:\WINDOWS\System32\win32u.dll
    C:\WINDOWS\System32\GDI32.dll
    C:\WINDOWS\System32\gdi32full.dll
    C:\WINDOWS\System32\msvcp_win.dll
    C:\WINDOWS\System32\ucrtbase.dll
    C:\WINDOWS\System32\comdlg32.dll
    C:\WINDOWS\System32\msvcrt.dll
    C:\WINDOWS\System32\combase.dll
    C:\WINDOWS\System32\RPCRT4.dll
    C:\WINDOWS\System32\SspiCli.dll
    C:\WINDOWS\System32\CRYPTBASE.dll
    C:\WINDOWS\System32\bcryptPrimitives.dll
    C:\WINDOWS\System32\sechost.dll
    C:\WINDOWS\System32\shcore.dll
    C:\WINDOWS\System32\SHLWAPI.dll
    C:\WINDOWS\System32\SHELL32.dll
    C:\WINDOWS\System32\cfgmgr32.dll
    C:\WINDOWS\System32\windows.storage.dll
    C:\WINDOWS\System32\advapi32.dll
    C:\WINDOWS\System32\kernel.appcore.dll
    C:\WINDOWS\System32\powrprof.dll
    C:\WINDOWS\System32\profapi.dll
    C:\WINDOWS\WinSxS\x86_microsoft.windows.common-controls_6595b64144ccf1df_5.82.15063.413_none_55bc94a37c2a2854\COMCTL32.dll
    C:\WINDOWS\SYSTEM32\VERSION.dll
    C:\WINDOWS\SYSTEM32\WINMM.dll
    C:\WINDOWS\SYSTEM32\WINMMBASE.dll
    C:\WINDOWS\System32\IMM32.DLL
    C:\WINDOWS\system32\uxtheme.dll
    C:\WINDOWS\System32\MSCTF.dll
    C:\WINDOWS\System32\OLEAUT32.dll
    C:\Program Files (x86)\Ready to Program\Support\Bin\edjdll.dll
    C:\Program Files (x86)\Ready to Program\Support\jre142_01\bin\client\jvm.dll
    C:\WINDOWS\system32\apphelp.dll
    C:\Program Files (x86)\DisplayFusion\Hooks\AppHookWIN6032_33EC29CC-81A3-495D-B786-9EF98E2BFA24.dll
    C:\WINDOWS\System32\ole32.dll
    C:\WINDOWS\System32\PSAPI.DLL
    C:\WINDOWS\SYSTEM32\dwmapi.dll
    C:\Program Files (x86)\Ready to Program\Support\jre142_01\bin\hpi.dll
    C:\Program Files (x86)\Ready to Program\Support\jre142_01\bin\verify.dll
    C:\Program Files (x86)\Ready to Program\Support\jre142_01\bin\java.dll
    C:\WINDOWS\WinSxS\x86_microsoft.windows.common-controls_6595b64144ccf1df_6.0.15063.483_none_6dad63fefc436da8\comctl32.DLL
    C:\Program Files (x86)\Ready to Program\Support\jre142_01\bin\zip.dll
    C:\Program Files (x86)\Ready to Program\Support\jre142_01\bin\dt_shmem.dll
    C:\Program Files (x86)\Ready to Program\Support\jre142_01\bin\net.dll
    C:\WINDOWS\System32\WS2_32.dll
    C:\WINDOWS\system32\NLAapi.dll
    C:\WINDOWS\system32\napinsp.dll
    C:\WINDOWS\system32\pnrpnsp.dll
    C:\WINDOWS\System32\mswsock.dll
    C:\WINDOWS\SYSTEM32\DNSAPI.dll
    C:\WINDOWS\System32\NSI.dll
    C:\WINDOWS\SYSTEM32\IPHLPAPI.DLL
    C:\WINDOWS\System32\winrnr.dll
    C:\WINDOWS\System32\fwpuclnt.dll
    C:\WINDOWS\SYSTEM32\bcrypt.dll
    C:\Windows\System32\rasadhlp.dll
    C:\WINDOWS\System32\TextInputFramework.dll
    C:\WINDOWS\System32\CoreUIComponents.dll
    C:\WINDOWS\System32\CoreMessaging.dll
    C:\WINDOWS\SYSTEM32\ntmarta.dll
    C:\WINDOWS\SYSTEM32\wintypes.dll
    C:\WINDOWS\SYSTEM32\usermgrcli.dll
    C:\WINDOWS\SYSTEM32\dbghelp.dll

  0 .V PC=0023:00525e7f Ret=00525c51 Frame=0019e650 Stack=0019e640
    Parameters (0x022d8260 0x00000001 0x0019fef0 0x0019e6a0)
    dbgheap.c, _free_dbg_lk (), Line 1066+0060 byte(s)
  1 .V PC=0023:00525c51 Ret=00414d57 Frame=0019e684 Stack=0019e658
    Parameters (0x022d8260 0x00000001 0x0000000d 0x0019fef0)
    dbgheap.c, _free_dbg (), Line 1001+0013 byte(s)
  2 .V PC=0023:00414d57 Ret=0040172b Frame=0019e698 Stack=0019e68c
    Parameters (0x0052cb00 0x0052cb00 0xcccccccc 0xcccccccc)
    src\edfail.c, EdFail_Finalize (), Line 0157+0018 byte(s)
  3 .V PC=0023:0040172b Ret=0052cc26 Frame=0019fef0 Stack=0019e6a0
    Parameters (0x00400000 0x00000000 0x009b41f4 0x00000001)
    src\ed.c, WinMain (), Line 0486+0000 byte(s)
  4 .V PC=0023:0052cc26 Ret=76ee8744 Frame=0019ff80 Stack=0019fef8
    Parameters (0x0031a000 0x76ee8720 0xc1e434e2 0x0019ffdc)
    crt0.c, WinMainCRTStartup (), Line 0198+0054 byte(s)
  5 .V PC=0023:76ee8744 Ret=7728582d Frame=0019ff94 Stack=0019ff88
    Parameters (0x0031a000 0x6805f5f1 0x00000000 0x00000000)
    Unknown module, BaseThreadInitThunk() + 0036 byte(s)
  6 .V PC=0023:7728582d Ret=772857fd Frame=0019ffdc Stack=0019ff9c
    Parameters (0xffffffff 0x772a6360 0x00000000 0x00000000)
    Unknown module, RtlGetAppContainerNamedObjectPath() + 0253 byte(s)
  7 .V PC=0023:772857fd Ret=00000000 Frame=0019ffec Stack=0019ffe4
    Parameters (0x0052cb00 0x0031a000 0x00000000 0x78746341)
    Unknown module, RtlGetAppContainerNamedObjectPath() + 0205 byte(s)

------------------------------------------------------
